16:14:03.548 [main] DEBUG io.netty.buffer.PooledByteBufAllocator - -Dio.netty.allocator.numDirectArenas: 8
16:14:03.555 [main] DEBUG io.netty.buffer.PooledByteBufAllocator - -Dio.netty.allocator.pageSize: 8192
16:14:03.555 [main] DEBUG io.netty.buffer.PooledByteBufAllocator - -Dio.netty.allocator.maxOrder: 9
16:14:03.555 [main] DEBUG io.netty.buffer.PooledByteBufAllocator - -Dio.netty.allocator.chunkSize: 4194304
16:14:03.555 [main] DEBUG io.netty.buffer.PooledByteBufAllocator - -Dio.netty.allocator.smallCacheSize: 256
16:14:03.556 [main] DEBUG io.netty.buffer.PooledByteBufAllocator - -Dio.netty.allocator.normalCacheSize: 64
16:14:03.556 [main] DEBUG io.netty.buffer.PooledByteBufAllocator - -Dio.netty.allocator.maxCachedBufferCapacity: 32768
16:14:03.556 [main] DEBUG io.netty.buffer.PooledByteBufAllocator - -Dio.netty.allocator.cacheTrimInterval: 8192
16:14:03.556 [main] DEBUG io.netty.buffer.PooledByteBufAllocator - -Dio.netty.allocator.cacheTrimIntervalMillis: 0
16:14:03.556 [main] DEBUG io.netty.buffer.PooledByteBufAllocator - -Dio.netty.allocator.useCacheForAllThreads: false
16:14:03.556 [main] DEBUG io.netty.buffer.PooledByteBufAllocator - -Dio.netty.allocator.maxCachedByteBuffersPerChunk: 1023
16:14:03.568 [main] DEBUG io.netty.buffer.ByteBufUtil - -Dio.netty.allocator.type: pooled
16:14:03.568 [main] DEBUG io.netty.buffer.ByteBufUtil - -Dio.netty.threadLocalDirectBufferSize: 0
16:14:03.568 [main] DEBUG io.netty.buffer.ByteBufUtil - -Dio.netty.maxThreadLocalCharBufferSize: 16384
16:14:03.781 [Forwarding newSession on session null to remote] DEBUG io.netty.channel.DefaultChannelId - -Dio.netty.processId: 7972 (auto-detected)
16:14:03.783 [Forwarding newSession on session null to remote] DEBUG io.netty.util.NetUtil - -Djava.net.preferIPv4Stack: false
16:14:03.783 [Forwarding newSession on session null to remote] DEBUG io.netty.util.NetUtil - -Djava.net.preferIPv6Addresses: false
16:14:03.788 [Forwarding newSession on session null to remote] DEBUG io.netty.util.NetUtilInitializations - Loopback interface: lo (Software Loopback Interface 1, 127.0.0.1)
16:14:03.789 [Forwarding newSession on session null to remote] DEBUG io.netty.util.NetUtil - Failed to get SOMAXCONN from sysctl and file \proc\sys\net\core\somaxconn. Default: 200
16:14:03.792 [Forwarding newSession on session null to remote] DEBUG io.netty.channel.DefaultChannelId - -Dio.netty.machineId: 64:00:6a:ff:fe:95:ed:42 (auto-detected)
16:14:03.833 [AsyncHttpClient-1-2] DEBUG io.netty.buffer.AbstractByteBuf - -Dio.netty.buffer.checkAccessible: true
16:14:03.834 [AsyncHttpClient-1-2] DEBUG io.netty.buffer.AbstractByteBuf - -Dio.netty.buffer.checkBounds: true
16:14:03.834 [AsyncHttpClient-1-2] DEBUG io.netty.util.ResourceLeakDetectorFactory - Loaded default ResourceLeakDetector: io.netty.util.ResourceLeakDetector@238ea41f
16:14:03.859 [AsyncHttpClient-1-2] DEBUG io.netty.util.Recycler - -Dio.netty.recycler.maxCapacityPerThread: 4096
16:14:03.859 [AsyncHttpClient-1-2] DEBUG io.netty.util.Recycler - -Dio.netty.recycler.ratio: 8
16:14:03.859 [AsyncHttpClient-1-2] DEBUG io.netty.util.Recycler - -Dio.netty.recycler.chunkSize: 32
16:14:03.859 [AsyncHttpClient-1-2] DEBUG io.netty.util.Recycler - -Dio.netty.recycler.blocking: false
16:14:03.859 [AsyncHttpClient-1-2] DEBUG io.netty.util.Recycler - -Dio.netty.recycler.batchFastThreadLocalOnly: true
16:14:16.805 [AsyncHttpClient-1-2] DEBUG io.netty.handler.codec.compression.Brotli - brotli4j not in the classpath; Brotli support will be unavailable.
16:15:09.635 [main] DEBUG io.netty.util.internal.logging.InternalLoggerFactory - Using Log4J2 as the default logging framework
16:15:09.647 [main] DEBUG io.netty.util.ResourceLeakDetector - -Dio.netty.leakDetection.level: simple
16:15:09.647 [main] DEBUG io.netty.util.ResourceLeakDetector - -Dio.netty.leakDetection.targetRecords: 4
16:15:09.651 [main] DEBUG io.netty.util.ResourceLeakDetectorFactory - Loaded default ResourceLeakDetector: io.netty.util.ResourceLeakDetector@7c2b58c0
16:15:09.668 [main] DEBUG io.netty.util.internal.PlatformDependent0 - -Dio.netty.noUnsafe: false
16:15:09.668 [main] DEBUG io.netty.util.internal.PlatformDependent0 - Java version: 20
16:15:09.669 [main] DEBUG io.netty.util.internal.PlatformDependent0 - sun.misc.Unsafe.theUnsafe: available
16:15:09.669 [main] DEBUG io.netty.util.internal.PlatformDependent0 - sun.misc.Unsafe.copyMemory: available
16:15:09.670 [main] DEBUG io.netty.util.internal.PlatformDependent0 - sun.misc.Unsafe.storeFence: available
16:15:09.670 [main] DEBUG io.netty.util.internal.PlatformDependent0 - java.nio.Buffer.address: available
16:15:09.670 [main] DEBUG io.netty.util.internal.PlatformDependent0 - direct buffer constructor: unavailable
java.lang.UnsupportedOperationException: Reflective setAccessible(true) disabled
	at io.netty.util.internal.ReflectionUtil.trySetAccessible(ReflectionUtil.java:31) ~[netty-common-4.1.96.Final.jar:4.1.96.Final]
	at io.netty.util.internal.PlatformDependent0$5.run(PlatformDependent0.java:289) ~[netty-common-4.1.96.Final.jar:4.1.96.Final]
	at java.security.AccessController.doPrivileged(AccessController.java:319) ~[?:?]
	at io.netty.util.internal.PlatformDependent0.<clinit>(PlatformDependent0.java:282) ~[netty-common-4.1.96.Final.jar:4.1.96.Final]
	at io.netty.util.internal.PlatformDependent.isAndroid(PlatformDependent.java:333) ~[netty-common-4.1.96.Final.jar:4.1.96.Final]
	at io.netty.util.internal.PlatformDependent.<clinit>(PlatformDependent.java:88) ~[netty-common-4.1.96.Final.jar:4.1.96.Final]
	at io.netty.util.HashedWheelTimer.<init>(HashedWheelTimer.java:114) ~[netty-common-4.1.96.Final.jar:4.1.96.Final]
	at io.netty.util.HashedWheelTimer.<init>(HashedWheelTimer.java:251) ~[netty-common-4.1.96.Final.jar:4.1.96.Final]
	at io.netty.util.HashedWheelTimer.<init>(HashedWheelTimer.java:224) ~[netty-common-4.1.96.Final.jar:4.1.96.Final]
	at io.netty.util.HashedWheelTimer.<init>(HashedWheelTimer.java:203) ~[netty-common-4.1.96.Final.jar:4.1.96.Final]
	at org.asynchttpclient.DefaultAsyncHttpClient.newNettyTimer(DefaultAsyncHttpClient.java:111) ~[async-http-client-2.12.3.jar:?]
	at org.asynchttpclient.DefaultAsyncHttpClient.<init>(DefaultAsyncHttpClient.java:90) ~[async-http-client-2.12.3.jar:?]
	at org.asynchttpclient.Dsl.asyncHttpClient(Dsl.java:32) ~[async-http-client-2.12.3.jar:?]
	at org.openqa.selenium.remote.http.netty.NettyClient.createHttpClient(NettyClient.java:91) ~[selenium-remote-driver-4.13.0.jar:?]
	at org.openqa.selenium.remote.http.netty.NettyClient.<clinit>(NettyClient.java:43) ~[selenium-remote-driver-4.13.0.jar:?]
	at org.openqa.selenium.remote.http.netty.NettyClient$Factory.createClient(NettyClient.java:124) ~[selenium-remote-driver-4.13.0.jar:?]
	at org.openqa.selenium.remote.HttpCommandExecutor.<init>(HttpCommandExecutor.java:115) ~[selenium-remote-driver-4.13.0.jar:?]
	at io.appium.java_client.remote.AppiumCommandExecutor.<init>(AppiumCommandExecutor.java:81) ~[java-client-8.6.0.jar:?]
	at io.appium.java_client.remote.AppiumCommandExecutor.<init>(AppiumCommandExecutor.java:108) ~[java-client-8.6.0.jar:?]
	at io.appium.java_client.AppiumDriver.<init>(AppiumDriver.java:101) ~[java-client-8.6.0.jar:?]
	at io.appium.java_client.android.AndroidDriver.<init>(AndroidDriver.java:113) ~[java-client-8.6.0.jar:?]
	at stepDefination.CheckTrackLoginDef.initializerDriver(CheckTrackLoginDef.java:52) ~[test-classes/:?]
	at stepDefination.CheckTrackLoginDef.launch_appium(CheckTrackLoginDef.java:88) ~[test-classes/:?]
	at jdk.internal.reflect.DirectMethodHandleAccessor.invoke(DirectMethodHandleAccessor.java:104) ~[?:?]
	at java.lang.reflect.Method.invoke(Method.java:578) ~[?:?]
	at io.cucumber.java.Invoker.doInvoke(Invoker.java:66) ~[cucumber-java-7.14.1.jar:7.14.1]
	at io.cucumber.java.Invoker.invoke(Invoker.java:24) ~[cucumber-java-7.14.1.jar:7.14.1]
	at io.cucumber.java.AbstractGlueDefinition.invokeMethod(AbstractGlueDefinition.java:47) ~[cucumber-java-7.14.1.jar:7.14.1]
	at io.cucumber.java.JavaStepDefinition.execute(JavaStepDefinition.java:29) ~[cucumber-java-7.14.1.jar:7.14.1]
	at io.cucumber.core.runner.CoreStepDefinition.execute(CoreStepDefinition.java:66) ~[cucumber-core-7.15.0.jar:7.15.0]
	at io.cucumber.core.runner.PickleStepDefinitionMatch.runStep(PickleStepDefinitionMatch.java:63) ~[cucumber-core-7.15.0.jar:7.15.0]
	at io.cucumber.core.runner.ExecutionMode$1.execute(ExecutionMode.java:10) ~[cucumber-core-7.15.0.jar:7.15.0]
	at io.cucumber.core.runner.TestStep.executeStep(TestStep.java:84) ~[cucumber-core-7.15.0.jar:7.15.0]
	at io.cucumber.core.runner.TestStep.run(TestStep.java:56) ~[cucumber-core-7.15.0.jar:7.15.0]
	at io.cucumber.core.runner.PickleStepTestStep.run(PickleStepTestStep.java:51) ~[cucumber-core-7.15.0.jar:7.15.0]
	at io.cucumber.core.runner.TestCase.run(TestCase.java:84) ~[cucumber-core-7.15.0.jar:7.15.0]
	at io.cucumber.core.runner.Runner.runPickle(Runner.java:75) ~[cucumber-core-7.15.0.jar:7.15.0]
	at io.cucumber.testng.TestNGCucumberRunner.lambda$runScenario$1(TestNGCucumberRunner.java:132) ~[cucumber-testng-7.15.0.jar:7.15.0]
	at io.cucumber.core.runtime.CucumberExecutionContext.lambda$runTestCase$5(CucumberExecutionContext.java:137) ~[cucumber-core-7.15.0.jar:7.15.0]
	at io.cucumber.core.runtime.RethrowingThrowableCollector.executeAndThrow(RethrowingThrowableCollector.java:23) ~[cucumber-core-7.15.0.jar:7.15.0]
	at io.cucumber.core.runtime.CucumberExecutionContext.runTestCase(CucumberExecutionContext.java:137) ~[cucumber-core-7.15.0.jar:7.15.0]
	at io.cucumber.testng.TestNGCucumberRunner.runScenario(TestNGCucumberRunner.java:129) ~[cucumber-testng-7.15.0.jar:7.15.0]
	at io.cucumber.testng.AbstractTestNGCucumberTests.runScenario(AbstractTestNGCucumberTests.java:35) ~[cucumber-testng-7.15.0.jar:7.15.0]
	at jdk.internal.reflect.DirectMethodHandleAccessor.invoke(DirectMethodHandleAccessor.java:104) ~[?:?]
	at java.lang.reflect.Method.invoke(Method.java:578) ~[?:?]
	at org.testng.internal.invokers.MethodInvocationHelper.invokeMethod(MethodInvocationHelper.java:139) ~[org.testng_7.8.0.r202306071539.jar:7.8.0]
	at org.testng.internal.invokers.TestInvoker.invokeMethod(TestInvoker.java:664) ~[org.testng_7.8.0.r202306071539.jar:7.8.0]
	at org.testng.internal.invokers.TestInvoker.invokeTestMethod(TestInvoker.java:227) ~[org.testng_7.8.0.r202306071539.jar:7.8.0]
	at org.testng.internal.invokers.MethodRunner.runInSequence(MethodRunner.java:50) ~[org.testng_7.8.0.r202306071539.jar:7.8.0]
	at org.testng.internal.invokers.TestInvoker$MethodInvocationAgent.invoke(TestInvoker.java:957) ~[org.testng_7.8.0.r202306071539.jar:7.8.0]
	at org.testng.internal.invokers.TestInvoker.invokeTestMethods(TestInvoker.java:200) ~[org.testng_7.8.0.r202306071539.jar:7.8.0]
	at org.testng.internal.invokers.TestMethodWorker.invokeTestMethods(TestMethodWorker.java:148) ~[org.testng_7.8.0.r202306071539.jar:7.8.0]
	at org.testng.internal.invokers.TestMethodWorker.run(TestMethodWorker.java:128) ~[org.testng_7.8.0.r202306071539.jar:7.8.0]
	at java.util.ArrayList.forEach(ArrayList.java:1511) [?:?]
	at org.testng.TestRunner.privateRun(TestRunner.java:848) [org.testng_7.8.0.r202306071539.jar:7.8.0]
	at org.testng.TestRunner.run(TestRunner.java:621) [org.testng_7.8.0.r202306071539.jar:7.8.0]
	at org.testng.SuiteRunner.runTest(SuiteRunner.java:443) [org.testng_7.8.0.r202306071539.jar:7.8.0]
	at org.testng.SuiteRunner.runSequentially(SuiteRunner.java:437) [org.testng_7.8.0.r202306071539.jar:7.8.0]
	at org.testng.SuiteRunner.privateRun(SuiteRunner.java:397) [org.testng_7.8.0.r202306071539.jar:7.8.0]
	at org.testng.SuiteRunner.run(SuiteRunner.java:336) [org.testng_7.8.0.r202306071539.jar:7.8.0]
	at org.testng.SuiteRunnerWorker.runSuite(SuiteRunnerWorker.java:52) [org.testng_7.8.0.r202306071539.jar:7.8.0]
	at org.testng.SuiteRunnerWorker.run(SuiteRunnerWorker.java:95) [org.testng_7.8.0.r202306071539.jar:7.8.0]
	at org.testng.TestNG.runSuitesSequentially(TestNG.java:1280) [org.testng_7.8.0.r202306071539.jar:7.8.0]
	at org.testng.TestNG.runSuitesLocally(TestNG.java:1200) [org.testng_7.8.0.r202306071539.jar:7.8.0]
	at org.testng.TestNG.runSuites(TestNG.java:1114) [org.testng_7.8.0.r202306071539.jar:7.8.0]
	at org.testng.TestNG.run(TestNG.java:1082) [org.testng_7.8.0.r202306071539.jar:7.8.0]
	at org.testng.remote.AbstractRemoteTestNG.run(AbstractRemoteTestNG.java:115) [testng-remote.jar:?]
	at org.testng.remote.RemoteTestNG.initAndRun(RemoteTestNG.java:251) [testng-remote.jar:?]
	at org.testng.remote.RemoteTestNG.main(RemoteTestNG.java:77) [testng-remote.jar:?]
16:15:09.679 [main] DEBUG io.netty.util.internal.PlatformDependent0 - java.nio.Bits.unaligned: available, true
16:15:09.680 [main] DEBUG io.netty.util.internal.PlatformDependent0 - jdk.internal.misc.Unsafe.allocateUninitializedArray(int): unavailable
java.lang.IllegalAccessException: class io.netty.util.internal.PlatformDependent0$7 cannot access class jdk.internal.misc.Unsafe (in module java.base) because module java.base does not export jdk.internal.misc to unnamed module @573fd745
	at jdk.internal.reflect.Reflection.newIllegalAccessException(Reflection.java:394) ~[?:?]
	at java.lang.reflect.AccessibleObject.checkAccess(AccessibleObject.java:709) ~[?:?]
	at java.lang.reflect.Method.invoke(Method.java:569) ~[?:?]
	at io.netty.util.internal.PlatformDependent0$7.run(PlatformDependent0.java:411) ~[netty-common-4.1.96.Final.jar:4.1.96.Final]
	at java.security.AccessController.doPrivileged(AccessController.java:319) ~[?:?]
	at io.netty.util.internal.PlatformDependent0.<clinit>(PlatformDependent0.java:402) ~[netty-common-4.1.96.Final.jar:4.1.96.Final]
	at io.netty.util.internal.PlatformDependent.isAndroid(PlatformDependent.java:333) ~[netty-common-4.1.96.Final.jar:4.1.96.Final]
	at io.netty.util.internal.PlatformDependent.<clinit>(PlatformDependent.java:88) ~[netty-common-4.1.96.Final.jar:4.1.96.Final]
	at io.netty.util.HashedWheelTimer.<init>(HashedWheelTimer.java:114) ~[netty-common-4.1.96.Final.jar:4.1.96.Final]
	at io.netty.util.HashedWheelTimer.<init>(HashedWheelTimer.java:251) ~[netty-common-4.1.96.Final.jar:4.1.96.Final]
	at io.netty.util.HashedWheelTimer.<init>(HashedWheelTimer.java:224) ~[netty-common-4.1.96.Final.jar:4.1.96.Final]
	at io.netty.util.HashedWheelTimer.<init>(HashedWheelTimer.java:203) ~[netty-common-4.1.96.Final.jar:4.1.96.Final]
	at org.asynchttpclient.DefaultAsyncHttpClient.newNettyTimer(DefaultAsyncHttpClient.java:111) ~[async-http-client-2.12.3.jar:?]
	at org.asynchttpclient.DefaultAsyncHttpClient.<init>(DefaultAsyncHttpClient.java:90) ~[async-http-client-2.12.3.jar:?]
	at org.asynchttpclient.Dsl.asyncHttpClient(Dsl.java:32) ~[async-http-client-2.12.3.jar:?]
	at org.openqa.selenium.remote.http.netty.NettyClient.createHttpClient(NettyClient.java:91) ~[selenium-remote-driver-4.13.0.jar:?]
	at org.openqa.selenium.remote.http.netty.NettyClient.<clinit>(NettyClient.java:43) ~[selenium-remote-driver-4.13.0.jar:?]
	at org.openqa.selenium.remote.http.netty.NettyClient$Factory.createClient(NettyClient.java:124) ~[selenium-remote-driver-4.13.0.jar:?]
	at org.openqa.selenium.remote.HttpCommandExecutor.<init>(HttpCommandExecutor.java:115) ~[selenium-remote-driver-4.13.0.jar:?]
	at io.appium.java_client.remote.AppiumCommandExecutor.<init>(AppiumCommandExecutor.java:81) ~[java-client-8.6.0.jar:?]
	at io.appium.java_client.remote.AppiumCommandExecutor.<init>(AppiumCommandExecutor.java:108) ~[java-client-8.6.0.jar:?]
	at io.appium.java_client.AppiumDriver.<init>(AppiumDriver.java:101) ~[java-client-8.6.0.jar:?]
	at io.appium.java_client.android.AndroidDriver.<init>(AndroidDriver.java:113) ~[java-client-8.6.0.jar:?]
	at stepDefination.CheckTrackLoginDef.initializerDriver(CheckTrackLoginDef.java:52) ~[test-classes/:?]
	at stepDefination.CheckTrackLoginDef.launch_appium(CheckTrackLoginDef.java:88) ~[test-classes/:?]
	at jdk.internal.reflect.DirectMethodHandleAccessor.invoke(DirectMethodHandleAccessor.java:104) ~[?:?]
	at java.lang.reflect.Method.invoke(Method.java:578) ~[?:?]
	at io.cucumber.java.Invoker.doInvoke(Invoker.java:66) ~[cucumber-java-7.14.1.jar:7.14.1]
	at io.cucumber.java.Invoker.invoke(Invoker.java:24) ~[cucumber-java-7.14.1.jar:7.14.1]
	at io.cucumber.java.AbstractGlueDefinition.invokeMethod(AbstractGlueDefinition.java:47) ~[cucumber-java-7.14.1.jar:7.14.1]
	at io.cucumber.java.JavaStepDefinition.execute(JavaStepDefinition.java:29) ~[cucumber-java-7.14.1.jar:7.14.1]
	at io.cucumber.core.runner.CoreStepDefinition.execute(CoreStepDefinition.java:66) ~[cucumber-core-7.15.0.jar:7.15.0]
	at io.cucumber.core.runner.PickleStepDefinitionMatch.runStep(PickleStepDefinitionMatch.java:63) ~[cucumber-core-7.15.0.jar:7.15.0]
	at io.cucumber.core.runner.ExecutionMode$1.execute(ExecutionMode.java:10) ~[cucumber-core-7.15.0.jar:7.15.0]
	at io.cucumber.core.runner.TestStep.executeStep(TestStep.java:84) ~[cucumber-core-7.15.0.jar:7.15.0]
	at io.cucumber.core.runner.TestStep.run(TestStep.java:56) ~[cucumber-core-7.15.0.jar:7.15.0]
	at io.cucumber.core.runner.PickleStepTestStep.run(PickleStepTestStep.java:51) ~[cucumber-core-7.15.0.jar:7.15.0]
	at io.cucumber.core.runner.TestCase.run(TestCase.java:84) ~[cucumber-core-7.15.0.jar:7.15.0]
	at io.cucumber.core.runner.Runner.runPickle(Runner.java:75) ~[cucumber-core-7.15.0.jar:7.15.0]
	at io.cucumber.testng.TestNGCucumberRunner.lambda$runScenario$1(TestNGCucumberRunner.java:132) ~[cucumber-testng-7.15.0.jar:7.15.0]
	at io.cucumber.core.runtime.CucumberExecutionContext.lambda$runTestCase$5(CucumberExecutionContext.java:137) ~[cucumber-core-7.15.0.jar:7.15.0]
	at io.cucumber.core.runtime.RethrowingThrowableCollector.executeAndThrow(RethrowingThrowableCollector.java:23) ~[cucumber-core-7.15.0.jar:7.15.0]
	at io.cucumber.core.runtime.CucumberExecutionContext.runTestCase(CucumberExecutionContext.java:137) ~[cucumber-core-7.15.0.jar:7.15.0]
	at io.cucumber.testng.TestNGCucumberRunner.runScenario(TestNGCucumberRunner.java:129) ~[cucumber-testng-7.15.0.jar:7.15.0]
	at io.cucumber.testng.AbstractTestNGCucumberTests.runScenario(AbstractTestNGCucumberTests.java:35) ~[cucumber-testng-7.15.0.jar:7.15.0]
	at jdk.internal.reflect.DirectMethodHandleAccessor.invoke(DirectMethodHandleAccessor.java:104) ~[?:?]
	at java.lang.reflect.Method.invoke(Method.java:578) ~[?:?]
	at org.testng.internal.invokers.MethodInvocationHelper.invokeMethod(MethodInvocationHelper.java:139) ~[org.testng_7.8.0.r202306071539.jar:7.8.0]
	at org.testng.internal.invokers.TestInvoker.invokeMethod(TestInvoker.java:664) ~[org.testng_7.8.0.r202306071539.jar:7.8.0]
	at org.testng.internal.invokers.TestInvoker.invokeTestMethod(TestInvoker.java:227) ~[org.testng_7.8.0.r202306071539.jar:7.8.0]
	at org.testng.internal.invokers.MethodRunner.runInSequence(MethodRunner.java:50) ~[org.testng_7.8.0.r202306071539.jar:7.8.0]
	at org.testng.internal.invokers.TestInvoker$MethodInvocationAgent.invoke(TestInvoker.java:957) ~[org.testng_7.8.0.r202306071539.jar:7.8.0]
	at org.testng.internal.invokers.TestInvoker.invokeTestMethods(TestInvoker.java:200) ~[org.testng_7.8.0.r202306071539.jar:7.8.0]
	at org.testng.internal.invokers.TestMethodWorker.invokeTestMethods(TestMethodWorker.java:148) ~[org.testng_7.8.0.r202306071539.jar:7.8.0]
	at org.testng.internal.invokers.TestMethodWorker.run(TestMethodWorker.java:128) ~[org.testng_7.8.0.r202306071539.jar:7.8.0]
	at java.util.ArrayList.forEach(ArrayList.java:1511) [?:?]
	at org.testng.TestRunner.privateRun(TestRunner.java:848) [org.testng_7.8.0.r202306071539.jar:7.8.0]
	at org.testng.TestRunner.run(TestRunner.java:621) [org.testng_7.8.0.r202306071539.jar:7.8.0]
	at org.testng.SuiteRunner.runTest(SuiteRunner.java:443) [org.testng_7.8.0.r202306071539.jar:7.8.0]
	at org.testng.SuiteRunner.runSequentially(SuiteRunner.java:437) [org.testng_7.8.0.r202306071539.jar:7.8.0]
	at org.testng.SuiteRunner.privateRun(SuiteRunner.java:397) [org.testng_7.8.0.r202306071539.jar:7.8.0]
	at org.testng.SuiteRunner.run(SuiteRunner.java:336) [org.testng_7.8.0.r202306071539.jar:7.8.0]
	at org.testng.SuiteRunnerWorker.runSuite(SuiteRunnerWorker.java:52) [org.testng_7.8.0.r202306071539.jar:7.8.0]
	at org.testng.SuiteRunnerWorker.run(SuiteRunnerWorker.java:95) [org.testng_7.8.0.r202306071539.jar:7.8.0]
	at org.testng.TestNG.runSuitesSequentially(TestNG.java:1280) [org.testng_7.8.0.r202306071539.jar:7.8.0]
	at org.testng.TestNG.runSuitesLocally(TestNG.java:1200) [org.testng_7.8.0.r202306071539.jar:7.8.0]
	at org.testng.TestNG.runSuites(TestNG.java:1114) [org.testng_7.8.0.r202306071539.jar:7.8.0]
	at org.testng.TestNG.run(TestNG.java:1082) [org.testng_7.8.0.r202306071539.jar:7.8.0]
	at org.testng.remote.AbstractRemoteTestNG.run(AbstractRemoteTestNG.java:115) [testng-remote.jar:?]
	at org.testng.remote.RemoteTestNG.initAndRun(RemoteTestNG.java:251) [testng-remote.jar:?]
	at org.testng.remote.RemoteTestNG.main(RemoteTestNG.java:77) [testng-remote.jar:?]
16:15:09.682 [main] DEBUG io.netty.util.internal.PlatformDependent0 - java.nio.DirectByteBuffer.<init>(long, {int,long}): unavailable
16:15:09.682 [main] DEBUG io.netty.util.internal.PlatformDependent - sun.misc.Unsafe: available
16:15:09.683 [main] DEBUG io.netty.util.internal.PlatformDependent - maxDirectMemory: 17154703360 bytes (maybe)
16:15:09.683 [main] DEBUG io.netty.util.internal.PlatformDependent - -Dio.netty.tmpdir: C:\Users\agsat\AppData\Local\Temp (java.io.tmpdir)
16:15:09.683 [main] DEBUG io.netty.util.internal.PlatformDependent - -Dio.netty.bitMode: 64 (sun.arch.data.model)
16:15:09.683 [main] DEBUG io.netty.util.internal.PlatformDependent - Platform: Windows
16:15:09.684 [main] DEBUG io.netty.util.internal.PlatformDependent - -Dio.netty.maxDirectMemory: -1 bytes
16:15:09.684 [main] DEBUG io.netty.util.internal.PlatformDependent - -Dio.netty.uninitializedArrayAllocationThreshold: -1
16:15:09.685 [main] DEBUG io.netty.util.internal.CleanerJava9 - java.nio.ByteBuffer.cleaner(): available
16:15:09.685 [main] DEBUG io.netty.util.internal.PlatformDependent - -Dio.netty.noPreferDirect: false
16:15:09.693 [main] DEBUG io.netty.util.internal.PlatformDependent - org.jctools-core.MpscChunkedArrayQueue: available
16:15:09.711 [main] DEBUG io.netty.util.internal.InternalThreadLocalMap - -Dio.netty.threadLocalMap.stringBuilder.initialSize: 1024
16:15:09.711 [main] DEBUG io.netty.util.internal.InternalThreadLocalMap - -Dio.netty.threadLocalMap.stringBuilder.maxSize: 4096
16:15:09.856 [main] DEBUG io.netty.handler.ssl.JdkSslContext - Default protocols (JDK): [TLSv1.3, TLSv1.2] 
16:15:09.856 [main] DEBUG io.netty.handler.ssl.JdkSslContext - Default cipher suites (JDK): [TLS_ECDHE_ECDSA_WITH_AES_256_GCM_SHA384, TLS_ECDHE_ECDSA_WITH_AES_128_GCM_SHA256, TLS_ECDHE_RSA_WITH_AES_128_GCM_SHA256, TLS_ECDHE_RSA_WITH_AES_256_GCM_SHA384, TLS_ECDHE_RSA_WITH_AES_128_CBC_SHA, TLS_ECDHE_RSA_WITH_AES_256_CBC_SHA, TLS_RSA_WITH_AES_128_GCM_SHA256, TLS_RSA_WITH_AES_128_CBC_SHA, TLS_RSA_WITH_AES_256_CBC_SHA, TLS_AES_128_GCM_SHA256, TLS_AES_256_GCM_SHA384]
16:15:09.868 [main] DEBUG io.netty.util.concurrent.GlobalEventExecutor - -Dio.netty.globalEventExecutor.quietPeriodSeconds: 1
16:15:09.882 [main] DEBUG io.netty.channel.MultithreadEventLoopGroup - -Dio.netty.eventLoopThreads: 8
16:15:09.891 [main] DEBUG io.netty.channel.nio.NioEventLoop - -Dio.netty.noKeySetOptimization: false
16:15:09.891 [main] DEBUG io.netty.channel.nio.NioEventLoop - -Dio.netty.selectorAutoRebuildThreshold: 512
16:15:09.902 [main] TRACE io.netty.channel.nio.NioEventLoop - instrumented a special java.util.Set into: sun.nio.ch.WEPollSelectorImpl@ccf91df
16:15:09.905 [main] TRACE io.netty.channel.nio.NioEventLoop - instrumented a special java.util.Set into: sun.nio.ch.WEPollSelectorImpl@6cf0a747
16:15:09.907 [main] TRACE io.netty.channel.nio.NioEventLoop - instrumented a special java.util.Set into: sun.nio.ch.WEPollSelectorImpl@21505815
16:15:09.909 [main] TRACE io.netty.channel.nio.NioEventLoop - instrumented a special java.util.Set into: sun.nio.ch.WEPollSelectorImpl@7e53339
16:15:09.911 [main] TRACE io.netty.channel.nio.NioEventLoop - instrumented a special java.util.Set into: sun.nio.ch.WEPollSelectorImpl@58fef7f7
16:15:09.914 [main] TRACE io.netty.channel.nio.NioEventLoop - instrumented a special java.util.Set into: sun.nio.ch.WEPollSelectorImpl@31ddb930
16:15:09.917 [main] TRACE io.netty.channel.nio.NioEventLoop - instrumented a special java.util.Set into: sun.nio.ch.WEPollSelectorImpl@12eedfee
16:15:09.919 [main] TRACE io.netty.channel.nio.NioEventLoop - instrumented a special java.util.Set into: sun.nio.ch.WEPollSelectorImpl@3c3c4a71
16:15:09.937 [main] DEBUG io.netty.buffer.PooledByteBufAllocator - -Dio.netty.allocator.numHeapArenas: 8
16:15:09.937 [main] DEBUG io.netty.buffer.PooledByteBufAllocator - -Dio.netty.allocator.numDirectArenas: 8
16:15:09.938 [main] DEBUG io.netty.buffer.PooledByteBufAllocator - -Dio.netty.allocator.pageSize: 8192
16:15:09.938 [main] DEBUG io.netty.buffer.PooledByteBufAllocator - -Dio.netty.allocator.maxOrder: 9
16:15:09.938 [main] DEBUG io.netty.buffer.PooledByteBufAllocator - -Dio.netty.allocator.chunkSize: 4194304
16:15:09.938 [main] DEBUG io.netty.buffer.PooledByteBufAllocator - -Dio.netty.allocator.smallCacheSize: 256
16:15:09.938 [main] DEBUG io.netty.buffer.PooledByteBufAllocator - -Dio.netty.allocator.normalCacheSize: 64
16:15:09.938 [main] DEBUG io.netty.buffer.PooledByteBufAllocator - -Dio.netty.allocator.maxCachedBufferCapacity: 32768
16:15:09.938 [main] DEBUG io.netty.buffer.PooledByteBufAllocator - -Dio.netty.allocator.cacheTrimInterval: 8192
16:15:09.938 [main] DEBUG io.netty.buffer.PooledByteBufAllocator - -Dio.netty.allocator.cacheTrimIntervalMillis: 0
16:15:09.938 [main] DEBUG io.netty.buffer.PooledByteBufAllocator - -Dio.netty.allocator.useCacheForAllThreads: false
16:15:09.938 [main] DEBUG io.netty.buffer.PooledByteBufAllocator - -Dio.netty.allocator.maxCachedByteBuffersPerChunk: 1023
16:15:09.948 [main] DEBUG io.netty.buffer.ByteBufUtil - -Dio.netty.allocator.type: pooled
16:15:09.949 [main] DEBUG io.netty.buffer.ByteBufUtil - -Dio.netty.threadLocalDirectBufferSize: 0
16:15:09.949 [main] DEBUG io.netty.buffer.ByteBufUtil - -Dio.netty.maxThreadLocalCharBufferSize: 16384
16:15:10.156 [Forwarding newSession on session null to remote] DEBUG io.netty.channel.DefaultChannelId - -Dio.netty.processId: 23984 (auto-detected)
16:15:10.159 [Forwarding newSession on session null to remote] DEBUG io.netty.util.NetUtil - -Djava.net.preferIPv4Stack: false
16:15:10.159 [Forwarding newSession on session null to remote] DEBUG io.netty.util.NetUtil - -Djava.net.preferIPv6Addresses: false
16:15:10.165 [Forwarding newSession on session null to remote] DEBUG io.netty.util.NetUtilInitializations - Loopback interface: lo (Software Loopback Interface 1, 127.0.0.1)
16:15:10.166 [Forwarding newSession on session null to remote] DEBUG io.netty.util.NetUtil - Failed to get SOMAXCONN from sysctl and file \proc\sys\net\core\somaxconn. Default: 200
16:15:10.170 [Forwarding newSession on session null to remote] DEBUG io.netty.channel.DefaultChannelId - -Dio.netty.machineId: 64:00:6a:ff:fe:95:ed:42 (auto-detected)
16:15:10.216 [AsyncHttpClient-1-2] DEBUG io.netty.buffer.AbstractByteBuf - -Dio.netty.buffer.checkAccessible: true
16:15:10.216 [AsyncHttpClient-1-2] DEBUG io.netty.buffer.AbstractByteBuf - -Dio.netty.buffer.checkBounds: true
16:15:10.217 [AsyncHttpClient-1-2] DEBUG io.netty.util.ResourceLeakDetectorFactory - Loaded default ResourceLeakDetector: io.netty.util.ResourceLeakDetector@7f8006c7
16:15:10.251 [AsyncHttpClient-1-2] DEBUG io.netty.util.Recycler - -Dio.netty.recycler.maxCapacityPerThread: 4096
16:15:10.251 [AsyncHttpClient-1-2] DEBUG io.netty.util.Recycler - -Dio.netty.recycler.ratio: 8
16:15:10.251 [AsyncHttpClient-1-2] DEBUG io.netty.util.Recycler - -Dio.netty.recycler.chunkSize: 32
16:15:10.251 [AsyncHttpClient-1-2] DEBUG io.netty.util.Recycler - -Dio.netty.recycler.blocking: false
16:15:10.251 [AsyncHttpClient-1-2] DEBUG io.netty.util.Recycler - -Dio.netty.recycler.batchFastThreadLocalOnly: true
16:15:22.500 [AsyncHttpClient-1-2] DEBUG io.netty.handler.codec.compression.Brotli - brotli4j not in the classpath; Brotli support will be unavailable.
16:17:09.036 [main] DEBUG io.netty.util.internal.logging.InternalLoggerFactory - Using Log4J2 as the default logging framework
16:17:09.048 [main] DEBUG io.netty.util.ResourceLeakDetector - -Dio.netty.leakDetection.level: simple
16:17:09.048 [main] DEBUG io.netty.util.ResourceLeakDetector - -Dio.netty.leakDetection.targetRecords: 4
16:17:09.053 [main] DEBUG io.netty.util.ResourceLeakDetectorFactory - Loaded default ResourceLeakDetector: io.netty.util.ResourceLeakDetector@7c2b58c0
16:17:09.070 [main] DEBUG io.netty.util.internal.PlatformDependent0 - -Dio.netty.noUnsafe: false
16:17:09.070 [main] DEBUG io.netty.util.internal.PlatformDependent0 - Java version: 20
16:17:09.071 [main] DEBUG io.netty.util.internal.PlatformDependent0 - sun.misc.Unsafe.theUnsafe: available
16:17:09.071 [main] DEBUG io.netty.util.internal.PlatformDependent0 - sun.misc.Unsafe.copyMemory: available
16:17:09.072 [main] DEBUG io.netty.util.internal.PlatformDependent0 - sun.misc.Unsafe.storeFence: available
16:17:09.072 [main] DEBUG io.netty.util.internal.PlatformDependent0 - java.nio.Buffer.address: available
16:17:09.073 [main] DEBUG io.netty.util.internal.PlatformDependent0 - direct buffer constructor: unavailable
java.lang.UnsupportedOperationException: Reflective setAccessible(true) disabled
	at io.netty.util.internal.ReflectionUtil.trySetAccessible(ReflectionUtil.java:31) ~[netty-common-4.1.96.Final.jar:4.1.96.Final]
	at io.netty.util.internal.PlatformDependent0$5.run(PlatformDependent0.java:289) ~[netty-common-4.1.96.Final.jar:4.1.96.Final]
	at java.security.AccessController.doPrivileged(AccessController.java:319) ~[?:?]
	at io.netty.util.internal.PlatformDependent0.<clinit>(PlatformDependent0.java:282) ~[netty-common-4.1.96.Final.jar:4.1.96.Final]
	at io.netty.util.internal.PlatformDependent.isAndroid(PlatformDependent.java:333) ~[netty-common-4.1.96.Final.jar:4.1.96.Final]
	at io.netty.util.internal.PlatformDependent.<clinit>(PlatformDependent.java:88) ~[netty-common-4.1.96.Final.jar:4.1.96.Final]
	at io.netty.util.HashedWheelTimer.<init>(HashedWheelTimer.java:114) ~[netty-common-4.1.96.Final.jar:4.1.96.Final]
	at io.netty.util.HashedWheelTimer.<init>(HashedWheelTimer.java:251) ~[netty-common-4.1.96.Final.jar:4.1.96.Final]
	at io.netty.util.HashedWheelTimer.<init>(HashedWheelTimer.java:224) ~[netty-common-4.1.96.Final.jar:4.1.96.Final]
	at io.netty.util.HashedWheelTimer.<init>(HashedWheelTimer.java:203) ~[netty-common-4.1.96.Final.jar:4.1.96.Final]
	at org.asynchttpclient.DefaultAsyncHttpClient.newNettyTimer(DefaultAsyncHttpClient.java:111) ~[async-http-client-2.12.3.jar:?]
	at org.asynchttpclient.DefaultAsyncHttpClient.<init>(DefaultAsyncHttpClient.java:90) ~[async-http-client-2.12.3.jar:?]
	at org.asynchttpclient.Dsl.asyncHttpClient(Dsl.java:32) ~[async-http-client-2.12.3.jar:?]
	at org.openqa.selenium.remote.http.netty.NettyClient.createHttpClient(NettyClient.java:91) ~[selenium-remote-driver-4.13.0.jar:?]
	at org.openqa.selenium.remote.http.netty.NettyClient.<clinit>(NettyClient.java:43) ~[selenium-remote-driver-4.13.0.jar:?]
	at org.openqa.selenium.remote.http.netty.NettyClient$Factory.createClient(NettyClient.java:124) ~[selenium-remote-driver-4.13.0.jar:?]
	at org.openqa.selenium.remote.HttpCommandExecutor.<init>(HttpCommandExecutor.java:115) ~[selenium-remote-driver-4.13.0.jar:?]
	at io.appium.java_client.remote.AppiumCommandExecutor.<init>(AppiumCommandExecutor.java:81) ~[java-client-8.6.0.jar:?]
	at io.appium.java_client.remote.AppiumCommandExecutor.<init>(AppiumCommandExecutor.java:108) ~[java-client-8.6.0.jar:?]
	at io.appium.java_client.AppiumDriver.<init>(AppiumDriver.java:101) ~[java-client-8.6.0.jar:?]
	at io.appium.java_client.android.AndroidDriver.<init>(AndroidDriver.java:113) ~[java-client-8.6.0.jar:?]
	at stepDefination.CheckTrackLoginDef.initializerDriver(CheckTrackLoginDef.java:52) ~[test-classes/:?]
	at stepDefination.CheckTrackLoginDef.launch_appium(CheckTrackLoginDef.java:88) ~[test-classes/:?]
	at jdk.internal.reflect.DirectMethodHandleAccessor.invoke(DirectMethodHandleAccessor.java:104) ~[?:?]
	at java.lang.reflect.Method.invoke(Method.java:578) ~[?:?]
	at io.cucumber.java.Invoker.doInvoke(Invoker.java:66) ~[cucumber-java-7.14.1.jar:7.14.1]
	at io.cucumber.java.Invoker.invoke(Invoker.java:24) ~[cucumber-java-7.14.1.jar:7.14.1]
	at io.cucumber.java.AbstractGlueDefinition.invokeMethod(AbstractGlueDefinition.java:47) ~[cucumber-java-7.14.1.jar:7.14.1]
	at io.cucumber.java.JavaStepDefinition.execute(JavaStepDefinition.java:29) ~[cucumber-java-7.14.1.jar:7.14.1]
	at io.cucumber.core.runner.CoreStepDefinition.execute(CoreStepDefinition.java:66) ~[cucumber-core-7.15.0.jar:7.15.0]
	at io.cucumber.core.runner.PickleStepDefinitionMatch.runStep(PickleStepDefinitionMatch.java:63) ~[cucumber-core-7.15.0.jar:7.15.0]
	at io.cucumber.core.runner.ExecutionMode$1.execute(ExecutionMode.java:10) ~[cucumber-core-7.15.0.jar:7.15.0]
	at io.cucumber.core.runner.TestStep.executeStep(TestStep.java:84) ~[cucumber-core-7.15.0.jar:7.15.0]
	at io.cucumber.core.runner.TestStep.run(TestStep.java:56) ~[cucumber-core-7.15.0.jar:7.15.0]
	at io.cucumber.core.runner.PickleStepTestStep.run(PickleStepTestStep.java:51) ~[cucumber-core-7.15.0.jar:7.15.0]
	at io.cucumber.core.runner.TestCase.run(TestCase.java:84) ~[cucumber-core-7.15.0.jar:7.15.0]
	at io.cucumber.core.runner.Runner.runPickle(Runner.java:75) ~[cucumber-core-7.15.0.jar:7.15.0]
	at io.cucumber.testng.TestNGCucumberRunner.lambda$runScenario$1(TestNGCucumberRunner.java:132) ~[cucumber-testng-7.15.0.jar:7.15.0]
	at io.cucumber.core.runtime.CucumberExecutionContext.lambda$runTestCase$5(CucumberExecutionContext.java:137) ~[cucumber-core-7.15.0.jar:7.15.0]
	at io.cucumber.core.runtime.RethrowingThrowableCollector.executeAndThrow(RethrowingThrowableCollector.java:23) ~[cucumber-core-7.15.0.jar:7.15.0]
	at io.cucumber.core.runtime.CucumberExecutionContext.runTestCase(CucumberExecutionContext.java:137) ~[cucumber-core-7.15.0.jar:7.15.0]
	at io.cucumber.testng.TestNGCucumberRunner.runScenario(TestNGCucumberRunner.java:129) ~[cucumber-testng-7.15.0.jar:7.15.0]
	at io.cucumber.testng.AbstractTestNGCucumberTests.runScenario(AbstractTestNGCucumberTests.java:35) ~[cucumber-testng-7.15.0.jar:7.15.0]
	at jdk.internal.reflect.DirectMethodHandleAccessor.invoke(DirectMethodHandleAccessor.java:104) ~[?:?]
	at java.lang.reflect.Method.invoke(Method.java:578) ~[?:?]
	at org.testng.internal.invokers.MethodInvocationHelper.invokeMethod(MethodInvocationHelper.java:139) ~[org.testng_7.8.0.r202306071539.jar:7.8.0]
	at org.testng.internal.invokers.TestInvoker.invokeMethod(TestInvoker.java:664) ~[org.testng_7.8.0.r202306071539.jar:7.8.0]
	at org.testng.internal.invokers.TestInvoker.invokeTestMethod(TestInvoker.java:227) ~[org.testng_7.8.0.r202306071539.jar:7.8.0]
	at org.testng.internal.invokers.MethodRunner.runInSequence(MethodRunner.java:50) ~[org.testng_7.8.0.r202306071539.jar:7.8.0]
	at org.testng.internal.invokers.TestInvoker$MethodInvocationAgent.invoke(TestInvoker.java:957) ~[org.testng_7.8.0.r202306071539.jar:7.8.0]
	at org.testng.internal.invokers.TestInvoker.invokeTestMethods(TestInvoker.java:200) ~[org.testng_7.8.0.r202306071539.jar:7.8.0]
	at org.testng.internal.invokers.TestMethodWorker.invokeTestMethods(TestMethodWorker.java:148) ~[org.testng_7.8.0.r202306071539.jar:7.8.0]
	at org.testng.internal.invokers.TestMethodWorker.run(TestMethodWorker.java:128) ~[org.testng_7.8.0.r202306071539.jar:7.8.0]
	at java.util.ArrayList.forEach(ArrayList.java:1511) [?:?]
	at org.testng.TestRunner.privateRun(TestRunner.java:848) [org.testng_7.8.0.r202306071539.jar:7.8.0]
	at org.testng.TestRunner.run(TestRunner.java:621) [org.testng_7.8.0.r202306071539.jar:7.8.0]
	at org.testng.SuiteRunner.runTest(SuiteRunner.java:443) [org.testng_7.8.0.r202306071539.jar:7.8.0]
	at org.testng.SuiteRunner.runSequentially(SuiteRunner.java:437) [org.testng_7.8.0.r202306071539.jar:7.8.0]
	at org.testng.SuiteRunner.privateRun(SuiteRunner.java:397) [org.testng_7.8.0.r202306071539.jar:7.8.0]
	at org.testng.SuiteRunner.run(SuiteRunner.java:336) [org.testng_7.8.0.r202306071539.jar:7.8.0]
	at org.testng.SuiteRunnerWorker.runSuite(SuiteRunnerWorker.java:52) [org.testng_7.8.0.r202306071539.jar:7.8.0]
	at org.testng.SuiteRunnerWorker.run(SuiteRunnerWorker.java:95) [org.testng_7.8.0.r202306071539.jar:7.8.0]
	at org.testng.TestNG.runSuitesSequentially(TestNG.java:1280) [org.testng_7.8.0.r202306071539.jar:7.8.0]
	at org.testng.TestNG.runSuitesLocally(TestNG.java:1200) [org.testng_7.8.0.r202306071539.jar:7.8.0]
	at org.testng.TestNG.runSuites(TestNG.java:1114) [org.testng_7.8.0.r202306071539.jar:7.8.0]
	at org.testng.TestNG.run(TestNG.java:1082) [org.testng_7.8.0.r202306071539.jar:7.8.0]
	at org.testng.remote.AbstractRemoteTestNG.run(AbstractRemoteTestNG.java:115) [testng-remote.jar:?]
	at org.testng.remote.RemoteTestNG.initAndRun(RemoteTestNG.java:251) [testng-remote.jar:?]
	at org.testng.remote.RemoteTestNG.main(RemoteTestNG.java:77) [testng-remote.jar:?]
16:17:09.082 [main] DEBUG io.netty.util.internal.PlatformDependent0 - java.nio.Bits.unaligned: available, true
16:17:09.083 [main] DEBUG io.netty.util.internal.PlatformDependent0 - jdk.internal.misc.Unsafe.allocateUninitializedArray(int): unavailable
java.lang.IllegalAccessException: class io.netty.util.internal.PlatformDependent0$7 cannot access class jdk.internal.misc.Unsafe (in module java.base) because module java.base does not export jdk.internal.misc to unnamed module @573fd745
	at jdk.internal.reflect.Reflection.newIllegalAccessException(Reflection.java:394) ~[?:?]
	at java.lang.reflect.AccessibleObject.checkAccess(AccessibleObject.java:709) ~[?:?]
	at java.lang.reflect.Method.invoke(Method.java:569) ~[?:?]
	at io.netty.util.internal.PlatformDependent0$7.run(PlatformDependent0.java:411) ~[netty-common-4.1.96.Final.jar:4.1.96.Final]
	at java.security.AccessController.doPrivileged(AccessController.java:319) ~[?:?]
	at io.netty.util.internal.PlatformDependent0.<clinit>(PlatformDependent0.java:402) ~[netty-common-4.1.96.Final.jar:4.1.96.Final]
	at io.netty.util.internal.PlatformDependent.isAndroid(PlatformDependent.java:333) ~[netty-common-4.1.96.Final.jar:4.1.96.Final]
	at io.netty.util.internal.PlatformDependent.<clinit>(PlatformDependent.java:88) ~[netty-common-4.1.96.Final.jar:4.1.96.Final]
	at io.netty.util.HashedWheelTimer.<init>(HashedWheelTimer.java:114) ~[netty-common-4.1.96.Final.jar:4.1.96.Final]
	at io.netty.util.HashedWheelTimer.<init>(HashedWheelTimer.java:251) ~[netty-common-4.1.96.Final.jar:4.1.96.Final]
	at io.netty.util.HashedWheelTimer.<init>(HashedWheelTimer.java:224) ~[netty-common-4.1.96.Final.jar:4.1.96.Final]
	at io.netty.util.HashedWheelTimer.<init>(HashedWheelTimer.java:203) ~[netty-common-4.1.96.Final.jar:4.1.96.Final]
	at org.asynchttpclient.DefaultAsyncHttpClient.newNettyTimer(DefaultAsyncHttpClient.java:111) ~[async-http-client-2.12.3.jar:?]
	at org.asynchttpclient.DefaultAsyncHttpClient.<init>(DefaultAsyncHttpClient.java:90) ~[async-http-client-2.12.3.jar:?]
	at org.asynchttpclient.Dsl.asyncHttpClient(Dsl.java:32) ~[async-http-client-2.12.3.jar:?]
	at org.openqa.selenium.remote.http.netty.NettyClient.createHttpClient(NettyClient.java:91) ~[selenium-remote-driver-4.13.0.jar:?]
	at org.openqa.selenium.remote.http.netty.NettyClient.<clinit>(NettyClient.java:43) ~[selenium-remote-driver-4.13.0.jar:?]
	at org.openqa.selenium.remote.http.netty.NettyClient$Factory.createClient(NettyClient.java:124) ~[selenium-remote-driver-4.13.0.jar:?]
	at org.openqa.selenium.remote.HttpCommandExecutor.<init>(HttpCommandExecutor.java:115) ~[selenium-remote-driver-4.13.0.jar:?]
	at io.appium.java_client.remote.AppiumCommandExecutor.<init>(AppiumCommandExecutor.java:81) ~[java-client-8.6.0.jar:?]
	at io.appium.java_client.remote.AppiumCommandExecutor.<init>(AppiumCommandExecutor.java:108) ~[java-client-8.6.0.jar:?]
	at io.appium.java_client.AppiumDriver.<init>(AppiumDriver.java:101) ~[java-client-8.6.0.jar:?]
	at io.appium.java_client.android.AndroidDriver.<init>(AndroidDriver.java:113) ~[java-client-8.6.0.jar:?]
	at stepDefination.CheckTrackLoginDef.initializerDriver(CheckTrackLoginDef.java:52) ~[test-classes/:?]
	at stepDefination.CheckTrackLoginDef.launch_appium(CheckTrackLoginDef.java:88) ~[test-classes/:?]
	at jdk.internal.reflect.DirectMethodHandleAccessor.invoke(DirectMethodHandleAccessor.java:104) ~[?:?]
	at java.lang.reflect.Method.invoke(Method.java:578) ~[?:?]
	at io.cucumber.java.Invoker.doInvoke(Invoker.java:66) ~[cucumber-java-7.14.1.jar:7.14.1]
	at io.cucumber.java.Invoker.invoke(Invoker.java:24) ~[cucumber-java-7.14.1.jar:7.14.1]
	at io.cucumber.java.AbstractGlueDefinition.invokeMethod(AbstractGlueDefinition.java:47) ~[cucumber-java-7.14.1.jar:7.14.1]
	at io.cucumber.java.JavaStepDefinition.execute(JavaStepDefinition.java:29) ~[cucumber-java-7.14.1.jar:7.14.1]
	at io.cucumber.core.runner.CoreStepDefinition.execute(CoreStepDefinition.java:66) ~[cucumber-core-7.15.0.jar:7.15.0]
	at io.cucumber.core.runner.PickleStepDefinitionMatch.runStep(PickleStepDefinitionMatch.java:63) ~[cucumber-core-7.15.0.jar:7.15.0]
	at io.cucumber.core.runner.ExecutionMode$1.execute(ExecutionMode.java:10) ~[cucumber-core-7.15.0.jar:7.15.0]
	at io.cucumber.core.runner.TestStep.executeStep(TestStep.java:84) ~[cucumber-core-7.15.0.jar:7.15.0]
	at io.cucumber.core.runner.TestStep.run(TestStep.java:56) ~[cucumber-core-7.15.0.jar:7.15.0]
	at io.cucumber.core.runner.PickleStepTestStep.run(PickleStepTestStep.java:51) ~[cucumber-core-7.15.0.jar:7.15.0]
	at io.cucumber.core.runner.TestCase.run(TestCase.java:84) ~[cucumber-core-7.15.0.jar:7.15.0]
	at io.cucumber.core.runner.Runner.runPickle(Runner.java:75) ~[cucumber-core-7.15.0.jar:7.15.0]
	at io.cucumber.testng.TestNGCucumberRunner.lambda$runScenario$1(TestNGCucumberRunner.java:132) ~[cucumber-testng-7.15.0.jar:7.15.0]
	at io.cucumber.core.runtime.CucumberExecutionContext.lambda$runTestCase$5(CucumberExecutionContext.java:137) ~[cucumber-core-7.15.0.jar:7.15.0]
	at io.cucumber.core.runtime.RethrowingThrowableCollector.executeAndThrow(RethrowingThrowableCollector.java:23) ~[cucumber-core-7.15.0.jar:7.15.0]
	at io.cucumber.core.runtime.CucumberExecutionContext.runTestCase(CucumberExecutionContext.java:137) ~[cucumber-core-7.15.0.jar:7.15.0]
	at io.cucumber.testng.TestNGCucumberRunner.runScenario(TestNGCucumberRunner.java:129) ~[cucumber-testng-7.15.0.jar:7.15.0]
	at io.cucumber.testng.AbstractTestNGCucumberTests.runScenario(AbstractTestNGCucumberTests.java:35) ~[cucumber-testng-7.15.0.jar:7.15.0]
	at jdk.internal.reflect.DirectMethodHandleAccessor.invoke(DirectMethodHandleAccessor.java:104) ~[?:?]
	at java.lang.reflect.Method.invoke(Method.java:578) ~[?:?]
	at org.testng.internal.invokers.MethodInvocationHelper.invokeMethod(MethodInvocationHelper.java:139) ~[org.testng_7.8.0.r202306071539.jar:7.8.0]
	at org.testng.internal.invokers.TestInvoker.invokeMethod(TestInvoker.java:664) ~[org.testng_7.8.0.r202306071539.jar:7.8.0]
	at org.testng.internal.invokers.TestInvoker.invokeTestMethod(TestInvoker.java:227) ~[org.testng_7.8.0.r202306071539.jar:7.8.0]
	at org.testng.internal.invokers.MethodRunner.runInSequence(MethodRunner.java:50) ~[org.testng_7.8.0.r202306071539.jar:7.8.0]
	at org.testng.internal.invokers.TestInvoker$MethodInvocationAgent.invoke(TestInvoker.java:957) ~[org.testng_7.8.0.r202306071539.jar:7.8.0]
	at org.testng.internal.invokers.TestInvoker.invokeTestMethods(TestInvoker.java:200) ~[org.testng_7.8.0.r202306071539.jar:7.8.0]
	at org.testng.internal.invokers.TestMethodWorker.invokeTestMethods(TestMethodWorker.java:148) ~[org.testng_7.8.0.r202306071539.jar:7.8.0]
	at org.testng.internal.invokers.TestMethodWorker.run(TestMethodWorker.java:128) ~[org.testng_7.8.0.r202306071539.jar:7.8.0]
	at java.util.ArrayList.forEach(ArrayList.java:1511) [?:?]
	at org.testng.TestRunner.privateRun(TestRunner.java:848) [org.testng_7.8.0.r202306071539.jar:7.8.0]
	at org.testng.TestRunner.run(TestRunner.java:621) [org.testng_7.8.0.r202306071539.jar:7.8.0]
	at org.testng.SuiteRunner.runTest(SuiteRunner.java:443) [org.testng_7.8.0.r202306071539.jar:7.8.0]
	at org.testng.SuiteRunner.runSequentially(SuiteRunner.java:437) [org.testng_7.8.0.r202306071539.jar:7.8.0]
	at org.testng.SuiteRunner.privateRun(SuiteRunner.java:397) [org.testng_7.8.0.r202306071539.jar:7.8.0]
	at org.testng.SuiteRunner.run(SuiteRunner.java:336) [org.testng_7.8.0.r202306071539.jar:7.8.0]
	at org.testng.SuiteRunnerWorker.runSuite(SuiteRunnerWorker.java:52) [org.testng_7.8.0.r202306071539.jar:7.8.0]
	at org.testng.SuiteRunnerWorker.run(SuiteRunnerWorker.java:95) [org.testng_7.8.0.r202306071539.jar:7.8.0]
	at org.testng.TestNG.runSuitesSequentially(TestNG.java:1280) [org.testng_7.8.0.r202306071539.jar:7.8.0]
	at org.testng.TestNG.runSuitesLocally(TestNG.java:1200) [org.testng_7.8.0.r202306071539.jar:7.8.0]
	at org.testng.TestNG.runSuites(TestNG.java:1114) [org.testng_7.8.0.r202306071539.jar:7.8.0]
	at org.testng.TestNG.run(TestNG.java:1082) [org.testng_7.8.0.r202306071539.jar:7.8.0]
	at org.testng.remote.AbstractRemoteTestNG.run(AbstractRemoteTestNG.java:115) [testng-remote.jar:?]
	at org.testng.remote.RemoteTestNG.initAndRun(RemoteTestNG.java:251) [testng-remote.jar:?]
	at org.testng.remote.RemoteTestNG.main(RemoteTestNG.java:77) [testng-remote.jar:?]
16:17:09.085 [main] DEBUG io.netty.util.internal.PlatformDependent0 - java.nio.DirectByteBuffer.<init>(long, {int,long}): unavailable
16:17:09.085 [main] DEBUG io.netty.util.internal.PlatformDependent - sun.misc.Unsafe: available
16:17:09.085 [main] DEBUG io.netty.util.internal.PlatformDependent - maxDirectMemory: 17154703360 bytes (maybe)
16:17:09.086 [main] DEBUG io.netty.util.internal.PlatformDependent - -Dio.netty.tmpdir: C:\Users\agsat\AppData\Local\Temp (java.io.tmpdir)
16:17:09.086 [main] DEBUG io.netty.util.internal.PlatformDependent - -Dio.netty.bitMode: 64 (sun.arch.data.model)
16:17:09.086 [main] DEBUG io.netty.util.internal.PlatformDependent - Platform: Windows
16:17:09.087 [main] DEBUG io.netty.util.internal.PlatformDependent - -Dio.netty.maxDirectMemory: -1 bytes
16:17:09.087 [main] DEBUG io.netty.util.internal.PlatformDependent - -Dio.netty.uninitializedArrayAllocationThreshold: -1
16:17:09.088 [main] DEBUG io.netty.util.internal.CleanerJava9 - java.nio.ByteBuffer.cleaner(): available
16:17:09.088 [main] DEBUG io.netty.util.internal.PlatformDependent - -Dio.netty.noPreferDirect: false
16:17:09.096 [main] DEBUG io.netty.util.internal.PlatformDependent - org.jctools-core.MpscChunkedArrayQueue: available
16:17:09.114 [main] DEBUG io.netty.util.internal.InternalThreadLocalMap - -Dio.netty.threadLocalMap.stringBuilder.initialSize: 1024
16:17:09.114 [main] DEBUG io.netty.util.internal.InternalThreadLocalMap - -Dio.netty.threadLocalMap.stringBuilder.maxSize: 4096
16:17:09.250 [main] DEBUG io.netty.handler.ssl.JdkSslContext - Default protocols (JDK): [TLSv1.3, TLSv1.2] 
16:17:09.250 [main] DEBUG io.netty.handler.ssl.JdkSslContext - Default cipher suites (JDK): [TLS_ECDHE_ECDSA_WITH_AES_256_GCM_SHA384, TLS_ECDHE_ECDSA_WITH_AES_128_GCM_SHA256, TLS_ECDHE_RSA_WITH_AES_128_GCM_SHA256, TLS_ECDHE_RSA_WITH_AES_256_GCM_SHA384, TLS_ECDHE_RSA_WITH_AES_128_CBC_SHA, TLS_ECDHE_RSA_WITH_AES_256_CBC_SHA, TLS_RSA_WITH_AES_128_GCM_SHA256, TLS_RSA_WITH_AES_128_CBC_SHA, TLS_RSA_WITH_AES_256_CBC_SHA, TLS_AES_128_GCM_SHA256, TLS_AES_256_GCM_SHA384]
16:17:09.263 [main] DEBUG io.netty.util.concurrent.GlobalEventExecutor - -Dio.netty.globalEventExecutor.quietPeriodSeconds: 1
16:17:09.276 [main] DEBUG io.netty.channel.MultithreadEventLoopGroup - -Dio.netty.eventLoopThreads: 8
16:17:09.285 [main] DEBUG io.netty.channel.nio.NioEventLoop - -Dio.netty.noKeySetOptimization: false
16:17:09.285 [main] DEBUG io.netty.channel.nio.NioEventLoop - -Dio.netty.selectorAutoRebuildThreshold: 512
16:17:09.295 [main] TRACE io.netty.channel.nio.NioEventLoop - instrumented a special java.util.Set into: sun.nio.ch.WEPollSelectorImpl@ccf91df
16:17:09.298 [main] TRACE io.netty.channel.nio.NioEventLoop - instrumented a special java.util.Set into: sun.nio.ch.WEPollSelectorImpl@6cf0a747
16:17:09.300 [main] TRACE io.netty.channel.nio.NioEventLoop - instrumented a special java.util.Set into: sun.nio.ch.WEPollSelectorImpl@21505815
16:17:09.303 [main] TRACE io.netty.channel.nio.NioEventLoop - instrumented a special java.util.Set into: sun.nio.ch.WEPollSelectorImpl@7e53339
16:17:09.305 [main] TRACE io.netty.channel.nio.NioEventLoop - instrumented a special java.util.Set into: sun.nio.ch.WEPollSelectorImpl@58fef7f7
16:17:09.307 [main] TRACE io.netty.channel.nio.NioEventLoop - instrumented a special java.util.Set into: sun.nio.ch.WEPollSelectorImpl@31ddb930
16:17:09.309 [main] TRACE io.netty.channel.nio.NioEventLoop - instrumented a special java.util.Set into: sun.nio.ch.WEPollSelectorImpl@12eedfee
16:17:09.311 [main] TRACE io.netty.channel.nio.NioEventLoop - instrumented a special java.util.Set into: sun.nio.ch.WEPollSelectorImpl@3c3c4a71
16:17:09.335 [main] DEBUG io.netty.buffer.PooledByteBufAllocator - -Dio.netty.allocator.numHeapArenas: 8
16:17:09.335 [main] DEBUG io.netty.buffer.PooledByteBufAllocator - -Dio.netty.allocator.numDirectArenas: 8
16:17:09.335 [main] DEBUG io.netty.buffer.PooledByteBufAllocator - -Dio.netty.allocator.pageSize: 8192
16:17:09.335 [main] DEBUG io.netty.buffer.PooledByteBufAllocator - -Dio.netty.allocator.maxOrder: 9
16:17:09.335 [main] DEBUG io.netty.buffer.PooledByteBufAllocator - -Dio.netty.allocator.chunkSize: 4194304
16:17:09.335 [main] DEBUG io.netty.buffer.PooledByteBufAllocator - -Dio.netty.allocator.smallCacheSize: 256
